# JRE version: OpenJDK Runtime Environment Temurin-17.0.5+8 (17.0.5+8) (build 17.0.5+8)
# Java VM: OpenJDK 64-Bit Server VM Temurin-17.0.5+8 (17.0.5+8, mixed mode, sharing, tiered, compressed oops, compressed class ptrs, g1 gc, windows-amd64)
GC Precious Log:
 CPUs: 16 total, 16 available
 Memory: 32435M
 Large Page Support: Disabled
 NUMA Support: Disabled
 Compressed Oops: Enabled (Zero based)
 Heap Region Size: 8M
 Heap Min Capacity: 8M
 Heap Initial Capacity: 512M
 Heap Max Capacity: 16224M
 Pre-touch: Disabled
 Parallel Workers: 13
 Concurrent Workers: 3
 Concurrent Refinement Workers: 13
 Periodic GC: Disabled
Heap:
 garbage-first heap   total 253952K, used 118937K [0x000000040a000000, 0x0000000800000000)
  region size 8192K, 11 young (90112K), 1 survivors (8192K)
 Metaspace       used 31993K, committed 33152K, reserved 1081344K
  class space    used 3529K, committed 3968K, reserved 1048576K
GC Heap History (14 events):
Event: 0.675 GC heap before
{Heap before GC invocations=0 (full 0):
 garbage-first heap   total 524288K, used 24576K [0x000000040a000000, 0x0000000800000000)
  region size 8192K, 3 young (24576K), 0 survivors (0K)
 Metaspace       used 4785K, committed 4992K, reserved 1056768K
  class space    used 462K, committed 576K, reserved 1048576K
}
Event: 0.683 GC heap after
{Heap after GC invocations=1 (full 0):
 garbage-first heap   total 524288K, used 7208K [0x000000040a000000, 0x0000000800000000)
  region size 8192K, 1 young (8192K), 1 survivors (8192K)
 Metaspace       used 4785K, committed 4992K, reserved 1056768K
  class space    used 462K, committed 576K, reserved 1048576K
}
Event: 0.892 GC heap before
{Heap before GC invocations=1 (full 0):
 garbage-first heap   total 524288K, used 23592K [0x000000040a000000, 0x0000000800000000)
  region size 8192K, 3 young (24576K), 1 survivors (8192K)
 Metaspace       used 5173K, committed 5376K, reserved 1056768K
  class space    used 492K, committed 576K, reserved 1048576K
}
Event: 0.906 GC heap after
{Heap after GC invocations=2 (full 0):
 garbage-first heap   total 524288K, used 16503K [0x000000040a000000, 0x0000000800000000)
  region size 8192K, 1 young (8192K), 1 survivors (8192K)
 Metaspace       used 5173K, committed 5376K, reserved 1056768K
  class space    used 492K, committed 576K, reserved 1048576K
}
Event: 1.409 GC heap before
{Heap before GC invocations=2 (full 0):
 garbage-first heap   total 524288K, used 32887K [0x000000040a000000, 0x0000000800000000)
  region size 8192K, 3 young (24576K), 1 survivors (8192K)
 Metaspace       used 6889K, committed 7040K, reserved 1056768K
  class space    used 664K, committed 704K, reserved 1048576K
}
Event: 1.423 GC heap after
{Heap after GC invocations=3 (full 0):
 garbage-first heap   total 524288K, used 20849K [0x000000040a000000, 0x0000000800000000)
  region size 8192K, 1 young (8192K), 1 survivors (8192K)
 Metaspace       used 6889K, committed 7040K, reserved 1056768K
  class space    used 664K, committed 704K, reserved 1048576K
}
Event: 2.828 GC heap before
{Heap before GC invocations=3 (full 0):
 garbage-first heap   total 524288K, used 70001K [0x000000040a000000, 0x0000000800000000)
  region size 8192K, 8 young (65536K), 1 survivors (8192K)
 Metaspace       used 13920K, committed 14464K, reserved 1064960K
  class space    used 1459K, committed 1664K, reserved 1048576K
}
Event: 2.842 GC heap after
{Heap after GC invocations=4 (full 0):
 garbage-first heap   total 524288K, used 27488K [0x000000040a000000, 0x0000000800000000)
  region size 8192K, 1 young (8192K), 1 survivors (8192K)
 Metaspace       used 13920K, committed 14464K, reserved 1064960K
  class space    used 1459K, committed 1664K, reserved 1048576K
}
Event: 6.589 GC heap before
{Heap before GC invocations=4 (full 0):
 garbage-first heap   total 524288K, used 289632K [0x000000040a000000, 0x0000000800000000)
  region size 8192K, 35 young (286720K), 1 survivors (8192K)
 Metaspace       used 20700K, committed 21504K, reserved 1073152K
  class space    used 2167K, committed 2496K, reserved 1048576K
}
Event: 6.613 GC heap after
{Heap after GC invocations=5 (full 0):
 garbage-first heap   total 524288K, used 38730K [0x000000040a000000, 0x0000000800000000)
  region size 8192K, 3 young (24576K), 3 survivors (24576K)
 Metaspace       used 20700K, committed 21504K, reserved 1073152K
  class space    used 2167K, committed 2496K, reserved 1048576K
}
Event: 9.071 GC heap before
{Heap before GC invocations=6 (full 0):
 garbage-first heap   total 196608K, used 128842K [0x000000040a000000, 0x0000000800000000)
  region size 8192K, 14 young (114688K), 3 survivors (24576K)
 Metaspace       used 27379K, committed 28416K, reserved 1081344K
  class space    used 3018K, committed 3456K, reserved 1048576K
}
Event: 9.097 GC heap after
{Heap after GC invocations=7 (full 0):
 garbage-first heap   total 253952K, used 45881K [0x000000040a000000, 0x0000000800000000)
  region size 8192K, 2 young (16384K), 2 survivors (16384K)
 Metaspace       used 27379K, committed 28416K, reserved 1081344K
  class space    used 3018K, committed 3456K, reserved 1048576K
}
Event: 9.148 GC heap before
{Heap before GC invocations=7 (full 0):
 garbage-first heap   total 253952K, used 45881K [0x000000040a000000, 0x0000000800000000)
  region size 8192K, 3 young (24576K), 2 survivors (16384K)
 Metaspace       used 27380K, committed 28416K, reserved 1081344K
  class space    used 3018K, committed 3456K, reserved 1048576K
}
Event: 9.159 GC heap after
{Heap after GC invocations=8 (full 0):
 garbage-first heap   total 253952K, used 45209K [0x000000040a000000, 0x0000000800000000)
  region size 8192K, 1 young (8192K), 1 survivors (8192K)
 Metaspace       used 27380K, committed 28416K, reserved 1081344K
  class space    used 3018K, committed 3456K, reserved 1048576K
}

